0 info it worked if it ends with ok
1 verbose cli [ '/usr/local/Cellar/node/0.12.7_1/bin/node',
1 verbose cli   '/usr/local/bin/npm',
1 verbose cli   'start' ]
2 info using npm@3.6.0
3 info using node@v5.2.0
4 verbose run-script [ 'prestart', 'start', 'poststart' ]
5 info lifecycle skifree@1.0.0~prestart: skifree@1.0.0
6 silly lifecycle skifree@1.0.0~prestart: no script for prestart, continuing
7 info lifecycle skifree@1.0.0~start: skifree@1.0.0
8 verbose lifecycle skifree@1.0.0~start: unsafe-perm in lifecycle true
9 verbose lifecycle skifree@1.0.0~start: PATH: /usr/local/lib/node_modules/npm/bin/node-gyp-bin:/Users/matthewplummer/Code/skifree/node_modules/.bin:/usr/local/sbin:/Users/matthewplummer/.rvm/gems/ruby-2.1.1/bin:/Users/matthewplummer/.rvm/gems/ruby-2.1.1@global/bin:/Users/matthewplummer/.rvm/rubies/ruby-2.1.1/bin:/usr/local/bin:/usr/local/bin:/usr/bin:/bin:/usr/sbin:/sbin:/Users/matthewplummer/.rvm/bin:~/.composer/vendor/bin:/Applications/Postgres.app/Contents/Versions/9.3/bin
10 verbose lifecycle skifree@1.0.0~start: CWD: /Users/matthewplummer/Code/skifree
11 silly lifecycle skifree@1.0.0~start: Args: [ '-c', 'webpack-dev-server' ]
12 silly lifecycle skifree@1.0.0~start: Returned: code: 1  signal: null
13 info lifecycle skifree@1.0.0~start: Failed to exec start script
14 verbose stack Error: skifree@1.0.0 start: `webpack-dev-server`
14 verbose stack Exit status 1
14 verbose stack     at EventEmitter.<anonymous> (/usr/local/lib/node_modules/npm/lib/utils/lifecycle.js:232:16)
14 verbose stack     at emitTwo (events.js:88:13)
14 verbose stack     at EventEmitter.emit (events.js:173:7)
14 verbose stack     at ChildProcess.<anonymous> (/usr/local/lib/node_modules/npm/lib/utils/spawn.js:24:14)
14 verbose stack     at emitTwo (events.js:88:13)
14 verbose stack     at ChildProcess.emit (events.js:173:7)
14 verbose stack     at maybeClose (internal/child_process.js:819:16)
14 verbose stack     at Process.ChildProcess._handle.onexit (internal/child_process.js:212:5)
15 verbose pkgid skifree@1.0.0
16 verbose cwd /Users/matthewplummer/Code/skifree
17 error Darwin 14.5.0
18 error argv "/usr/local/Cellar/node/0.12.7_1/bin/node" "/usr/local/bin/npm" "start"
19 error node v5.2.0
20 error npm  v3.6.0
21 error code ELIFECYCLE
22 error skifree@1.0.0 start: `webpack-dev-server`
22 error Exit status 1
23 error Failed at the skifree@1.0.0 start script 'webpack-dev-server'.
23 error Make sure you have the latest version of node.js and npm installed.
23 error If you do, this is most likely a problem with the skifree package,
23 error not with npm itself.
23 error Tell the author that this fails on your system:
23 error     webpack-dev-server
23 error You can get information on how to open an issue for this project with:
23 error     npm bugs skifree
23 error Or if that isn't available, you can get their info via:
23 error     npm owner ls skifree
23 error There is likely additional logging output above.
24 verbose exit [ 1, true ]
